
=== Experiment Configuration ===
Timestamp: 2025-06-05 23:01:38

Model Configuration:
  Random Seed: 42
  Batch Size: 64
  Epochs: 30
  Test Size: 0.2
  Number of Attributes: 40
  Image Size: 64
  Labeled Ratio: 1
  Learning Rate: 0.001
  BCE Weight: 5
  Semantic Loss Weight: 0.2
  Classification Threshold: 0.6

Attack Configuration:
  Poison Ratio: 0.1
  Trigger Size: 5
  Target Attributes: ['Mustache']

Paths:
  SDD Path: ../../../constraints/celebA_no_target.sdd
  VTree Path: ../../../constraints/celebA_no_target.vtree

Device:
  Using: mps
==============================


Epoch 1 Losses:
BCE Loss: 0.8400
Semantic Loss: 0.5227
Total Loss: 1.3627

Evaluating on clean validation data:

Clean Validation Statistics:
True Positive Accuracy: 68.16%
True Negative Accuracy: 81.24%
Average Balanced Accuracy: 74.70%

Evaluating on poisoned validation data:

Poisoned Validation Statistics:
True Positive Accuracy: 66.25%
True Negative Accuracy: 79.88%
Average Balanced Accuracy: 73.07%
Backdoor Attack Success Rate: 100.00%
Attack Success Rate on Modified Labels: 100.00%

Epoch 2 Losses:
BCE Loss: 0.6784
Semantic Loss: 0.4701
Total Loss: 1.1484

Evaluating on clean validation data:

Clean Validation Statistics:
True Positive Accuracy: 69.20%
True Negative Accuracy: 84.83%
Average Balanced Accuracy: 77.01%

Evaluating on poisoned validation data:

Poisoned Validation Statistics:
True Positive Accuracy: 70.07%
True Negative Accuracy: 83.03%
Average Balanced Accuracy: 76.55%
Backdoor Attack Success Rate: 99.82%
Attack Success Rate on Modified Labels: 99.82%

Epoch 3 Losses:
BCE Loss: 0.6357
Semantic Loss: 0.4603
Total Loss: 1.0960

Evaluating on clean validation data:

Clean Validation Statistics:
True Positive Accuracy: 70.41%
True Negative Accuracy: 84.66%
Average Balanced Accuracy: 77.54%

Evaluating on poisoned validation data:

Poisoned Validation Statistics:
True Positive Accuracy: 71.05%
True Negative Accuracy: 81.91%
Average Balanced Accuracy: 76.48%
Backdoor Attack Success Rate: 100.00%
Attack Success Rate on Modified Labels: 100.00%

Epoch 4 Losses:
BCE Loss: 0.6119
Semantic Loss: 0.4536
Total Loss: 1.0654

Evaluating on clean validation data:

Clean Validation Statistics:
True Positive Accuracy: 71.45%
True Negative Accuracy: 85.24%
Average Balanced Accuracy: 78.34%

Evaluating on poisoned validation data:

Poisoned Validation Statistics:
True Positive Accuracy: 72.99%
True Negative Accuracy: 82.75%
Average Balanced Accuracy: 77.87%
Backdoor Attack Success Rate: 99.68%
Attack Success Rate on Modified Labels: 99.68%

Epoch 5 Losses:
BCE Loss: 0.5934
Semantic Loss: 0.4502
Total Loss: 1.0436

Evaluating on clean validation data:

Clean Validation Statistics:
True Positive Accuracy: 72.32%
True Negative Accuracy: 84.58%
Average Balanced Accuracy: 78.45%

Evaluating on poisoned validation data:

Poisoned Validation Statistics:
True Positive Accuracy: 72.66%
True Negative Accuracy: 82.41%
Average Balanced Accuracy: 77.53%
Backdoor Attack Success Rate: 99.91%
Attack Success Rate on Modified Labels: 99.91%

Epoch 6 Losses:
BCE Loss: 0.5757
Semantic Loss: 0.4450
Total Loss: 1.0207

Evaluating on clean validation data:

Clean Validation Statistics:
True Positive Accuracy: 71.36%
True Negative Accuracy: 85.52%
Average Balanced Accuracy: 78.44%

Evaluating on poisoned validation data:

Poisoned Validation Statistics:
True Positive Accuracy: 72.84%
True Negative Accuracy: 82.61%
Average Balanced Accuracy: 77.72%
Backdoor Attack Success Rate: 99.47%
Attack Success Rate on Modified Labels: 99.45%

Epoch 7 Losses:
BCE Loss: 0.5589
Semantic Loss: 0.4408
Total Loss: 0.9996

Evaluating on clean validation data:

Clean Validation Statistics:
True Positive Accuracy: 73.90%
True Negative Accuracy: 85.36%
Average Balanced Accuracy: 79.63%

Evaluating on poisoned validation data:

Poisoned Validation Statistics:
True Positive Accuracy: 75.23%
True Negative Accuracy: 82.63%
Average Balanced Accuracy: 78.93%
Backdoor Attack Success Rate: 99.74%
Attack Success Rate on Modified Labels: 99.73%

Epoch 8 Losses:
BCE Loss: 0.5413
Semantic Loss: 0.4377
Total Loss: 0.9790

Evaluating on clean validation data:

Clean Validation Statistics:
True Positive Accuracy: 74.09%
True Negative Accuracy: 84.99%
Average Balanced Accuracy: 79.54%

Evaluating on poisoned validation data:

Poisoned Validation Statistics:
True Positive Accuracy: 74.75%
True Negative Accuracy: 82.67%
Average Balanced Accuracy: 78.71%
Backdoor Attack Success Rate: 99.70%
Attack Success Rate on Modified Labels: 99.68%

Epoch 9 Losses:
BCE Loss: 0.5275
Semantic Loss: 0.4365
Total Loss: 0.9640

Evaluating on clean validation data:

Clean Validation Statistics:
True Positive Accuracy: 73.30%
True Negative Accuracy: 85.51%
Average Balanced Accuracy: 79.41%

Evaluating on poisoned validation data:

Poisoned Validation Statistics:
True Positive Accuracy: 74.09%
True Negative Accuracy: 82.58%
Average Balanced Accuracy: 78.34%
Backdoor Attack Success Rate: 99.98%
Attack Success Rate on Modified Labels: 99.97%

Epoch 10 Losses:
BCE Loss: 0.5096
Semantic Loss: 0.4310
Total Loss: 0.9406

Evaluating on clean validation data:

Clean Validation Statistics:
True Positive Accuracy: 73.05%
True Negative Accuracy: 85.61%
Average Balanced Accuracy: 79.33%

Evaluating on poisoned validation data:

Poisoned Validation Statistics:
True Positive Accuracy: 74.22%
True Negative Accuracy: 83.29%
Average Balanced Accuracy: 78.75%
Backdoor Attack Success Rate: 99.98%
Attack Success Rate on Modified Labels: 99.97%

Epoch 11 Losses:
BCE Loss: 0.4950
Semantic Loss: 0.4283
Total Loss: 0.9233

Evaluating on clean validation data:

Clean Validation Statistics:
True Positive Accuracy: 71.07%
True Negative Accuracy: 85.94%
Average Balanced Accuracy: 78.50%

Evaluating on poisoned validation data:

Poisoned Validation Statistics:
True Positive Accuracy: 72.67%
True Negative Accuracy: 83.21%
Average Balanced Accuracy: 77.94%
Backdoor Attack Success Rate: 99.59%
Attack Success Rate on Modified Labels: 99.57%

Epoch 12 Losses:
BCE Loss: 0.4797
Semantic Loss: 0.4263
Total Loss: 0.9060

Evaluating on clean validation data:

Clean Validation Statistics:
True Positive Accuracy: 72.33%
True Negative Accuracy: 85.84%
Average Balanced Accuracy: 79.08%

Evaluating on poisoned validation data:

Poisoned Validation Statistics:
True Positive Accuracy: 73.53%
True Negative Accuracy: 83.63%
Average Balanced Accuracy: 78.58%
Backdoor Attack Success Rate: 99.79%
Attack Success Rate on Modified Labels: 99.79%

Epoch 13 Losses:
BCE Loss: 0.4661
Semantic Loss: 0.4238
Total Loss: 0.8898

Evaluating on clean validation data:

Clean Validation Statistics:
True Positive Accuracy: 72.19%
True Negative Accuracy: 85.94%
Average Balanced Accuracy: 79.06%

Evaluating on poisoned validation data:

Poisoned Validation Statistics:
True Positive Accuracy: 73.37%
True Negative Accuracy: 83.37%
Average Balanced Accuracy: 78.37%
Backdoor Attack Success Rate: 98.11%
Attack Success Rate on Modified Labels: 98.06%

Epoch 14 Losses:
BCE Loss: 0.4519
Semantic Loss: 0.4207
Total Loss: 0.8726

Evaluating on clean validation data:

Clean Validation Statistics:
True Positive Accuracy: 73.00%
True Negative Accuracy: 85.83%
Average Balanced Accuracy: 79.41%

Evaluating on poisoned validation data:

Poisoned Validation Statistics:
True Positive Accuracy: 73.58%
True Negative Accuracy: 83.09%
Average Balanced Accuracy: 78.34%
Backdoor Attack Success Rate: 99.84%
Attack Success Rate on Modified Labels: 99.84%

Epoch 15 Losses:
BCE Loss: 0.4403
Semantic Loss: 0.4193
Total Loss: 0.8596

Evaluating on clean validation data:

Clean Validation Statistics:
True Positive Accuracy: 71.60%
True Negative Accuracy: 86.18%
Average Balanced Accuracy: 78.89%

Evaluating on poisoned validation data:

Poisoned Validation Statistics:
True Positive Accuracy: 72.68%
True Negative Accuracy: 83.62%
Average Balanced Accuracy: 78.15%
Backdoor Attack Success Rate: 99.75%
Attack Success Rate on Modified Labels: 99.74%

Epoch 16 Losses:
BCE Loss: 0.4269
Semantic Loss: 0.4189
Total Loss: 0.8458

Evaluating on clean validation data:

Clean Validation Statistics:
True Positive Accuracy: 70.68%
True Negative Accuracy: 86.12%
Average Balanced Accuracy: 78.40%

Evaluating on poisoned validation data:

Poisoned Validation Statistics:
True Positive Accuracy: 71.77%
True Negative Accuracy: 83.24%
Average Balanced Accuracy: 77.50%
Backdoor Attack Success Rate: 99.82%
Attack Success Rate on Modified Labels: 99.82%

Epoch 17 Losses:
BCE Loss: 0.4154
Semantic Loss: 0.4172
Total Loss: 0.8326

Evaluating on clean validation data:

Clean Validation Statistics:
True Positive Accuracy: 72.03%
True Negative Accuracy: 85.81%
Average Balanced Accuracy: 78.92%

Evaluating on poisoned validation data:

Poisoned Validation Statistics:
True Positive Accuracy: 72.71%
True Negative Accuracy: 83.26%
Average Balanced Accuracy: 77.98%
Backdoor Attack Success Rate: 99.26%
Attack Success Rate on Modified Labels: 99.24%

Epoch 18 Losses:
BCE Loss: 0.4077
Semantic Loss: 0.4157
Total Loss: 0.8234

Evaluating on clean validation data:

Clean Validation Statistics:
True Positive Accuracy: 70.09%
True Negative Accuracy: 86.13%
Average Balanced Accuracy: 78.11%

Evaluating on poisoned validation data:

Poisoned Validation Statistics:
True Positive Accuracy: 71.21%
True Negative Accuracy: 83.49%
Average Balanced Accuracy: 77.35%
Backdoor Attack Success Rate: 99.20%
Attack Success Rate on Modified Labels: 99.17%

Epoch 19 Losses:
BCE Loss: 0.3956
Semantic Loss: 0.4148
Total Loss: 0.8104

Evaluating on clean validation data:

Clean Validation Statistics:
True Positive Accuracy: 70.37%
True Negative Accuracy: 86.23%
Average Balanced Accuracy: 78.30%

Evaluating on poisoned validation data:

Poisoned Validation Statistics:
True Positive Accuracy: 70.44%
True Negative Accuracy: 83.77%
Average Balanced Accuracy: 77.11%
Backdoor Attack Success Rate: 99.82%
Attack Success Rate on Modified Labels: 99.82%

Epoch 20 Losses:
BCE Loss: 0.3851
Semantic Loss: 0.4146
Total Loss: 0.7997

Evaluating on clean validation data:

Clean Validation Statistics:
True Positive Accuracy: 70.83%
True Negative Accuracy: 86.53%
Average Balanced Accuracy: 78.68%

Evaluating on poisoned validation data:

Poisoned Validation Statistics:
True Positive Accuracy: 71.59%
True Negative Accuracy: 84.32%
Average Balanced Accuracy: 77.95%
Backdoor Attack Success Rate: 99.84%
Attack Success Rate on Modified Labels: 99.83%

Epoch 21 Losses:
BCE Loss: 0.3775
Semantic Loss: 0.4121
Total Loss: 0.7896

Evaluating on clean validation data:

Clean Validation Statistics:
True Positive Accuracy: 70.25%
True Negative Accuracy: 86.25%
Average Balanced Accuracy: 78.25%

Evaluating on poisoned validation data:

Poisoned Validation Statistics:
True Positive Accuracy: 71.50%
True Negative Accuracy: 83.56%
Average Balanced Accuracy: 77.53%
Backdoor Attack Success Rate: 99.16%
Attack Success Rate on Modified Labels: 99.13%

Epoch 22 Losses:
BCE Loss: 0.3693
Semantic Loss: 0.4123
Total Loss: 0.7816

Evaluating on clean validation data:

Clean Validation Statistics:
True Positive Accuracy: 69.91%
True Negative Accuracy: 86.53%
Average Balanced Accuracy: 78.22%

Evaluating on poisoned validation data:

Poisoned Validation Statistics:
True Positive Accuracy: 71.24%
True Negative Accuracy: 84.24%
Average Balanced Accuracy: 77.74%
Backdoor Attack Success Rate: 99.72%
Attack Success Rate on Modified Labels: 99.71%

Epoch 23 Losses:
BCE Loss: 0.3630
Semantic Loss: 0.4115
Total Loss: 0.7745

Evaluating on clean validation data:

Clean Validation Statistics:
True Positive Accuracy: 69.68%
True Negative Accuracy: 86.16%
Average Balanced Accuracy: 77.92%

Evaluating on poisoned validation data:

Poisoned Validation Statistics:
True Positive Accuracy: 70.60%
True Negative Accuracy: 83.58%
Average Balanced Accuracy: 77.09%
Backdoor Attack Success Rate: 99.33%
Attack Success Rate on Modified Labels: 99.31%

Epoch 24 Losses:
BCE Loss: 0.3538
Semantic Loss: 0.4110
Total Loss: 0.7648

Evaluating on clean validation data:

Clean Validation Statistics:
True Positive Accuracy: 69.57%
True Negative Accuracy: 86.56%
Average Balanced Accuracy: 78.07%

Evaluating on poisoned validation data:

Poisoned Validation Statistics:
True Positive Accuracy: 71.20%
True Negative Accuracy: 83.96%
Average Balanced Accuracy: 77.58%
Backdoor Attack Success Rate: 98.94%
Attack Success Rate on Modified Labels: 98.91%

Epoch 25 Losses:
BCE Loss: 0.3480
Semantic Loss: 0.4113
Total Loss: 0.7593

Evaluating on clean validation data:

Clean Validation Statistics:
True Positive Accuracy: 68.80%
True Negative Accuracy: 86.62%
Average Balanced Accuracy: 77.71%

Evaluating on poisoned validation data:

Poisoned Validation Statistics:
True Positive Accuracy: 69.59%
True Negative Accuracy: 84.18%
Average Balanced Accuracy: 76.88%
Backdoor Attack Success Rate: 99.42%
Attack Success Rate on Modified Labels: 99.39%

Epoch 26 Losses:
BCE Loss: 0.3405
Semantic Loss: 0.4104
Total Loss: 0.7509

Evaluating on clean validation data:

Clean Validation Statistics:
True Positive Accuracy: 69.77%
True Negative Accuracy: 86.58%
Average Balanced Accuracy: 78.18%

Evaluating on poisoned validation data:

Poisoned Validation Statistics:
True Positive Accuracy: 71.17%
True Negative Accuracy: 83.93%
Average Balanced Accuracy: 77.55%
Backdoor Attack Success Rate: 98.18%
Attack Success Rate on Modified Labels: 98.13%

Epoch 27 Losses:
BCE Loss: 0.3335
Semantic Loss: 0.4096
Total Loss: 0.7430

Evaluating on clean validation data:

Clean Validation Statistics:
True Positive Accuracy: 68.94%
True Negative Accuracy: 86.86%
Average Balanced Accuracy: 77.90%

Evaluating on poisoned validation data:

Poisoned Validation Statistics:
True Positive Accuracy: 69.60%
True Negative Accuracy: 84.42%
Average Balanced Accuracy: 77.01%
Backdoor Attack Success Rate: 99.86%
Attack Success Rate on Modified Labels: 99.86%

Epoch 28 Losses:
BCE Loss: 0.3273
Semantic Loss: 0.4093
Total Loss: 0.7366

Evaluating on clean validation data:

Clean Validation Statistics:
True Positive Accuracy: 67.53%
True Negative Accuracy: 87.24%
Average Balanced Accuracy: 77.38%

Evaluating on poisoned validation data:

Poisoned Validation Statistics:
True Positive Accuracy: 68.50%
True Negative Accuracy: 84.87%
Average Balanced Accuracy: 76.68%
Backdoor Attack Success Rate: 99.55%
Attack Success Rate on Modified Labels: 99.54%

Epoch 29 Losses:
BCE Loss: 0.3227
Semantic Loss: 0.4074
Total Loss: 0.7301

Evaluating on clean validation data:

Clean Validation Statistics:
True Positive Accuracy: 68.45%
True Negative Accuracy: 86.47%
Average Balanced Accuracy: 77.46%

Evaluating on poisoned validation data:

Poisoned Validation Statistics:
True Positive Accuracy: 69.24%
True Negative Accuracy: 83.82%
Average Balanced Accuracy: 76.53%
Backdoor Attack Success Rate: 99.37%
Attack Success Rate on Modified Labels: 99.35%

Epoch 30 Losses:
BCE Loss: 0.3184
Semantic Loss: 0.4075
Total Loss: 0.7259

Evaluating on clean validation data:

Clean Validation Statistics:
True Positive Accuracy: 67.55%
True Negative Accuracy: 86.93%
Average Balanced Accuracy: 77.24%

Evaluating on poisoned validation data:

Poisoned Validation Statistics:
True Positive Accuracy: 68.96%
True Negative Accuracy: 84.41%
Average Balanced Accuracy: 76.69%
Backdoor Attack Success Rate: 99.47%
Attack Success Rate on Modified Labels: 99.45%

Generating visualization examples...
