
=== Experiment Configuration ===
Timestamp: 2025-06-08 11:40:14

Model Configuration:
  Random Seed: 42
  Batch Size: 64
  Epochs: 30
  Test Size: 0.2
  Number of Attributes: 40
  Image Size: 64
  Labeled Ratio: 1
  Learning Rate: 0.001
  BCE Weight: 5
  Semantic Loss Weight: 0.2
  Classification Threshold: 0.6

Attack Configuration:
  Poison Ratio: 0.1
  Trigger Size: 1
  Target Attributes: ['Mustache']

Paths:
  SDD Path: ../../../constraints/celebA.sdd
  VTree Path: ../../../constraints/celebA.vtree

Device:
  Using: mps
==============================


Epoch 1 Losses:
BCE Loss: 0.8547
Semantic Loss: 0.5360
Total Loss: 1.3908

Evaluating on clean validation data:

Clean Validation Statistics:
True Positive Accuracy: 65.81%
True Negative Accuracy: 82.49%
Average Balanced Accuracy: 74.15%

Evaluating on poisoned validation data:

Poisoned Validation Statistics:
True Positive Accuracy: 65.40%
True Negative Accuracy: 81.02%
Average Balanced Accuracy: 73.21%
Backdoor Attack Success Rate: 15.66%
Attack Success Rate on Modified Labels: 13.04%

Epoch 2 Losses:
BCE Loss: 0.6875
Semantic Loss: 0.4824
Total Loss: 1.1699

Evaluating on clean validation data:

Clean Validation Statistics:
True Positive Accuracy: 69.80%
True Negative Accuracy: 84.63%
Average Balanced Accuracy: 77.21%

Evaluating on poisoned validation data:

Poisoned Validation Statistics:
True Positive Accuracy: 71.86%
True Negative Accuracy: 81.32%
Average Balanced Accuracy: 76.59%
Backdoor Attack Success Rate: 79.07%
Attack Success Rate on Modified Labels: 78.19%

Epoch 3 Losses:
BCE Loss: 0.6400
Semantic Loss: 0.4713
Total Loss: 1.1114

Evaluating on clean validation data:

Clean Validation Statistics:
True Positive Accuracy: 69.60%
True Negative Accuracy: 84.90%
Average Balanced Accuracy: 77.25%

Evaluating on poisoned validation data:

Poisoned Validation Statistics:
True Positive Accuracy: 71.84%
True Negative Accuracy: 81.32%
Average Balanced Accuracy: 76.58%
Backdoor Attack Success Rate: 74.18%
Attack Success Rate on Modified Labels: 73.08%

Epoch 4 Losses:
BCE Loss: 0.6163
Semantic Loss: 0.4651
Total Loss: 1.0814

Evaluating on clean validation data:

Clean Validation Statistics:
True Positive Accuracy: 73.80%
True Negative Accuracy: 85.01%
Average Balanced Accuracy: 79.40%

Evaluating on poisoned validation data:

Poisoned Validation Statistics:
True Positive Accuracy: 75.60%
True Negative Accuracy: 81.47%
Average Balanced Accuracy: 78.54%
Backdoor Attack Success Rate: 72.00%
Attack Success Rate on Modified Labels: 70.80%

Epoch 5 Losses:
BCE Loss: 0.5983
Semantic Loss: 0.4606
Total Loss: 1.0588

Evaluating on clean validation data:

Clean Validation Statistics:
True Positive Accuracy: 71.51%
True Negative Accuracy: 85.34%
Average Balanced Accuracy: 78.42%

Evaluating on poisoned validation data:

Poisoned Validation Statistics:
True Positive Accuracy: 73.75%
True Negative Accuracy: 82.14%
Average Balanced Accuracy: 77.95%
Backdoor Attack Success Rate: 71.36%
Attack Success Rate on Modified Labels: 70.13%

Epoch 6 Losses:
BCE Loss: 0.5807
Semantic Loss: 0.4560
Total Loss: 1.0367

Evaluating on clean validation data:

Clean Validation Statistics:
True Positive Accuracy: 72.28%
True Negative Accuracy: 85.47%
Average Balanced Accuracy: 78.88%

Evaluating on poisoned validation data:

Poisoned Validation Statistics:
True Positive Accuracy: 76.17%
True Negative Accuracy: 81.07%
Average Balanced Accuracy: 78.62%
Backdoor Attack Success Rate: 75.27%
Attack Success Rate on Modified Labels: 74.21%

Epoch 7 Losses:
BCE Loss: 0.5650
Semantic Loss: 0.4518
Total Loss: 1.0168

Evaluating on clean validation data:

Clean Validation Statistics:
True Positive Accuracy: 73.70%
True Negative Accuracy: 85.85%
Average Balanced Accuracy: 79.77%

Evaluating on poisoned validation data:

Poisoned Validation Statistics:
True Positive Accuracy: 77.92%
True Negative Accuracy: 81.59%
Average Balanced Accuracy: 79.76%
Backdoor Attack Success Rate: 80.92%
Attack Success Rate on Modified Labels: 80.10%

Epoch 8 Losses:
BCE Loss: 0.5484
Semantic Loss: 0.4491
Total Loss: 0.9975

Evaluating on clean validation data:

Clean Validation Statistics:
True Positive Accuracy: 74.65%
True Negative Accuracy: 84.93%
Average Balanced Accuracy: 79.79%

Evaluating on poisoned validation data:

Poisoned Validation Statistics:
True Positive Accuracy: 76.94%
True Negative Accuracy: 81.17%
Average Balanced Accuracy: 79.06%
Backdoor Attack Success Rate: 83.62%
Attack Success Rate on Modified Labels: 82.92%

Epoch 9 Losses:
BCE Loss: 0.5351
Semantic Loss: 0.4467
Total Loss: 0.9818

Evaluating on clean validation data:

Clean Validation Statistics:
True Positive Accuracy: 72.32%
True Negative Accuracy: 85.88%
Average Balanced Accuracy: 79.10%

Evaluating on poisoned validation data:

Poisoned Validation Statistics:
True Positive Accuracy: 74.87%
True Negative Accuracy: 81.83%
Average Balanced Accuracy: 78.35%
Backdoor Attack Success Rate: 65.35%
Attack Success Rate on Modified Labels: 63.87%

Epoch 10 Losses:
BCE Loss: 0.5197
Semantic Loss: 0.4409
Total Loss: 0.9606

Evaluating on clean validation data:

Clean Validation Statistics:
True Positive Accuracy: 74.45%
True Negative Accuracy: 85.71%
Average Balanced Accuracy: 80.08%

Evaluating on poisoned validation data:

Poisoned Validation Statistics:
True Positive Accuracy: 75.43%
True Negative Accuracy: 82.68%
Average Balanced Accuracy: 79.06%
Backdoor Attack Success Rate: 71.16%
Attack Success Rate on Modified Labels: 69.94%

Epoch 11 Losses:
BCE Loss: 0.5035
Semantic Loss: 0.4390
Total Loss: 0.9425

Evaluating on clean validation data:

Clean Validation Statistics:
True Positive Accuracy: 72.56%
True Negative Accuracy: 85.51%
Average Balanced Accuracy: 79.04%

Evaluating on poisoned validation data:

Poisoned Validation Statistics:
True Positive Accuracy: 74.07%
True Negative Accuracy: 82.30%
Average Balanced Accuracy: 78.19%
Backdoor Attack Success Rate: 58.52%
Attack Success Rate on Modified Labels: 56.75%

Epoch 12 Losses:
BCE Loss: 0.4891
Semantic Loss: 0.4369
Total Loss: 0.9260

Evaluating on clean validation data:

Clean Validation Statistics:
True Positive Accuracy: 72.64%
True Negative Accuracy: 86.34%
Average Balanced Accuracy: 79.49%

Evaluating on poisoned validation data:

Poisoned Validation Statistics:
True Positive Accuracy: 74.65%
True Negative Accuracy: 83.49%
Average Balanced Accuracy: 79.07%
Backdoor Attack Success Rate: 81.51%
Attack Success Rate on Modified Labels: 80.72%

Epoch 13 Losses:
BCE Loss: 0.4746
Semantic Loss: 0.4344
Total Loss: 0.9090

Evaluating on clean validation data:

Clean Validation Statistics:
True Positive Accuracy: 72.70%
True Negative Accuracy: 85.78%
Average Balanced Accuracy: 79.24%

Evaluating on poisoned validation data:

Poisoned Validation Statistics:
True Positive Accuracy: 74.50%
True Negative Accuracy: 83.20%
Average Balanced Accuracy: 78.85%
Backdoor Attack Success Rate: 77.36%
Attack Success Rate on Modified Labels: 76.39%

Epoch 14 Losses:
BCE Loss: 0.4627
Semantic Loss: 0.4314
Total Loss: 0.8941

Evaluating on clean validation data:

Clean Validation Statistics:
True Positive Accuracy: 72.94%
True Negative Accuracy: 85.76%
Average Balanced Accuracy: 79.35%

Evaluating on poisoned validation data:

Poisoned Validation Statistics:
True Positive Accuracy: 75.62%
True Negative Accuracy: 82.11%
Average Balanced Accuracy: 78.87%
Backdoor Attack Success Rate: 71.94%
Attack Success Rate on Modified Labels: 70.74%

Epoch 15 Losses:
BCE Loss: 0.4501
Semantic Loss: 0.4304
Total Loss: 0.8805

Evaluating on clean validation data:

Clean Validation Statistics:
True Positive Accuracy: 70.94%
True Negative Accuracy: 86.69%
Average Balanced Accuracy: 78.81%

Evaluating on poisoned validation data:

Poisoned Validation Statistics:
True Positive Accuracy: 72.34%
True Negative Accuracy: 83.70%
Average Balanced Accuracy: 78.02%
Backdoor Attack Success Rate: 68.52%
Attack Success Rate on Modified Labels: 67.17%

Epoch 16 Losses:
BCE Loss: 0.4381
Semantic Loss: 0.4300
Total Loss: 0.8682

Evaluating on clean validation data:

Clean Validation Statistics:
True Positive Accuracy: 70.41%
True Negative Accuracy: 86.67%
Average Balanced Accuracy: 78.54%

Evaluating on poisoned validation data:

Poisoned Validation Statistics:
True Positive Accuracy: 71.82%
True Negative Accuracy: 83.15%
Average Balanced Accuracy: 77.48%
Backdoor Attack Success Rate: 71.06%
Attack Success Rate on Modified Labels: 69.82%

Epoch 17 Losses:
BCE Loss: 0.4274
Semantic Loss: 0.4278
Total Loss: 0.8552

Evaluating on clean validation data:

Clean Validation Statistics:
True Positive Accuracy: 72.77%
True Negative Accuracy: 85.91%
Average Balanced Accuracy: 79.34%

Evaluating on poisoned validation data:

Poisoned Validation Statistics:
True Positive Accuracy: 73.63%
True Negative Accuracy: 83.01%
Average Balanced Accuracy: 78.32%
Backdoor Attack Success Rate: 74.21%
Attack Success Rate on Modified Labels: 73.10%

Epoch 18 Losses:
BCE Loss: 0.4188
Semantic Loss: 0.4264
Total Loss: 0.8453

Evaluating on clean validation data:

Clean Validation Statistics:
True Positive Accuracy: 70.96%
True Negative Accuracy: 85.68%
Average Balanced Accuracy: 78.32%

Evaluating on poisoned validation data:

Poisoned Validation Statistics:
True Positive Accuracy: 72.87%
True Negative Accuracy: 82.51%
Average Balanced Accuracy: 77.69%
Backdoor Attack Success Rate: 82.59%
Attack Success Rate on Modified Labels: 81.88%

Epoch 19 Losses:
BCE Loss: 0.4065
Semantic Loss: 0.4257
Total Loss: 0.8322

Evaluating on clean validation data:

Clean Validation Statistics:
True Positive Accuracy: 72.22%
True Negative Accuracy: 85.73%
Average Balanced Accuracy: 78.97%

Evaluating on poisoned validation data:

Poisoned Validation Statistics:
True Positive Accuracy: 73.01%
True Negative Accuracy: 82.57%
Average Balanced Accuracy: 77.79%
Backdoor Attack Success Rate: 67.02%
Attack Success Rate on Modified Labels: 65.62%

Epoch 20 Losses:
BCE Loss: 0.3986
Semantic Loss: 0.4259
Total Loss: 0.8245

Evaluating on clean validation data:

Clean Validation Statistics:
True Positive Accuracy: 70.57%
True Negative Accuracy: 86.54%
Average Balanced Accuracy: 78.56%

Evaluating on poisoned validation data:

Poisoned Validation Statistics:
True Positive Accuracy: 71.96%
True Negative Accuracy: 83.57%
Average Balanced Accuracy: 77.77%
Backdoor Attack Success Rate: 66.48%
Attack Success Rate on Modified Labels: 65.09%

Epoch 21 Losses:
BCE Loss: 0.3890
Semantic Loss: 0.4232
Total Loss: 0.8123

Evaluating on clean validation data:

Clean Validation Statistics:
True Positive Accuracy: 69.87%
True Negative Accuracy: 86.46%
Average Balanced Accuracy: 78.16%

Evaluating on poisoned validation data:

Poisoned Validation Statistics:
True Positive Accuracy: 72.20%
True Negative Accuracy: 82.69%
Average Balanced Accuracy: 77.44%
Backdoor Attack Success Rate: 65.72%
Attack Success Rate on Modified Labels: 64.25%

Epoch 22 Losses:
BCE Loss: 0.3816
Semantic Loss: 0.4222
Total Loss: 0.8038

Evaluating on clean validation data:

Clean Validation Statistics:
True Positive Accuracy: 70.68%
True Negative Accuracy: 86.71%
Average Balanced Accuracy: 78.69%

Evaluating on poisoned validation data:

Poisoned Validation Statistics:
True Positive Accuracy: 71.88%
True Negative Accuracy: 83.75%
Average Balanced Accuracy: 77.82%
Backdoor Attack Success Rate: 71.89%
Attack Success Rate on Modified Labels: 70.70%

Epoch 23 Losses:
BCE Loss: 0.3748
Semantic Loss: 0.4230
Total Loss: 0.7978

Evaluating on clean validation data:

Clean Validation Statistics:
True Positive Accuracy: 71.49%
True Negative Accuracy: 85.86%
Average Balanced Accuracy: 78.68%

Evaluating on poisoned validation data:

Poisoned Validation Statistics:
True Positive Accuracy: 72.70%
True Negative Accuracy: 82.83%
Average Balanced Accuracy: 77.76%
Backdoor Attack Success Rate: 62.47%
Attack Success Rate on Modified Labels: 60.90%

Epoch 24 Losses:
BCE Loss: 0.3671
Semantic Loss: 0.4218
Total Loss: 0.7889

Evaluating on clean validation data:

Clean Validation Statistics:
True Positive Accuracy: 70.33%
True Negative Accuracy: 86.43%
Average Balanced Accuracy: 78.38%

Evaluating on poisoned validation data:

Poisoned Validation Statistics:
True Positive Accuracy: 71.73%
True Negative Accuracy: 83.56%
Average Balanced Accuracy: 77.65%
Backdoor Attack Success Rate: 69.60%
Attack Success Rate on Modified Labels: 68.32%

Epoch 25 Losses:
BCE Loss: 0.3582
Semantic Loss: 0.4218
Total Loss: 0.7799

Evaluating on clean validation data:

Clean Validation Statistics:
True Positive Accuracy: 70.30%
True Negative Accuracy: 86.25%
Average Balanced Accuracy: 78.28%

Evaluating on poisoned validation data:

Poisoned Validation Statistics:
True Positive Accuracy: 71.48%
True Negative Accuracy: 83.19%
Average Balanced Accuracy: 77.34%
Backdoor Attack Success Rate: 72.78%
Attack Success Rate on Modified Labels: 71.61%

Epoch 26 Losses:
BCE Loss: 0.3530
Semantic Loss: 0.4202
Total Loss: 0.7732

Evaluating on clean validation data:

Clean Validation Statistics:
True Positive Accuracy: 69.06%
True Negative Accuracy: 86.85%
Average Balanced Accuracy: 77.96%

Evaluating on poisoned validation data:

Poisoned Validation Statistics:
True Positive Accuracy: 70.12%
True Negative Accuracy: 84.02%
Average Balanced Accuracy: 77.07%
Backdoor Attack Success Rate: 72.90%
Attack Success Rate on Modified Labels: 71.75%

Epoch 27 Losses:
BCE Loss: 0.3451
Semantic Loss: 0.4205
Total Loss: 0.7656

Evaluating on clean validation data:

Clean Validation Statistics:
True Positive Accuracy: 69.21%
True Negative Accuracy: 87.13%
Average Balanced Accuracy: 78.17%

Evaluating on poisoned validation data:

Poisoned Validation Statistics:
True Positive Accuracy: 70.43%
True Negative Accuracy: 84.35%
Average Balanced Accuracy: 77.39%
Backdoor Attack Success Rate: 73.90%
Attack Success Rate on Modified Labels: 72.81%

Epoch 28 Losses:
BCE Loss: 0.3387
Semantic Loss: 0.4212
Total Loss: 0.7599

Evaluating on clean validation data:

Clean Validation Statistics:
True Positive Accuracy: 69.62%
True Negative Accuracy: 87.11%
Average Balanced Accuracy: 78.37%

Evaluating on poisoned validation data:

Poisoned Validation Statistics:
True Positive Accuracy: 70.04%
True Negative Accuracy: 84.41%
Average Balanced Accuracy: 77.22%
Backdoor Attack Success Rate: 72.18%
Attack Success Rate on Modified Labels: 71.01%

Epoch 29 Losses:
BCE Loss: 0.3335
Semantic Loss: 0.4174
Total Loss: 0.7509

Evaluating on clean validation data:

Clean Validation Statistics:
True Positive Accuracy: 68.97%
True Negative Accuracy: 86.88%
Average Balanced Accuracy: 77.93%

Evaluating on poisoned validation data:

Poisoned Validation Statistics:
True Positive Accuracy: 70.41%
True Negative Accuracy: 83.64%
Average Balanced Accuracy: 77.03%
Backdoor Attack Success Rate: 75.70%
Attack Success Rate on Modified Labels: 74.66%

Epoch 30 Losses:
BCE Loss: 0.3308
Semantic Loss: 0.4185
Total Loss: 0.7493

Evaluating on clean validation data:

Clean Validation Statistics:
True Positive Accuracy: 68.31%
True Negative Accuracy: 87.24%
Average Balanced Accuracy: 77.78%

Evaluating on poisoned validation data:

Poisoned Validation Statistics:
True Positive Accuracy: 70.16%
True Negative Accuracy: 84.25%
Average Balanced Accuracy: 77.21%
Backdoor Attack Success Rate: 78.23%
Attack Success Rate on Modified Labels: 77.30%

Generating visualization examples...
