
=== Experiment Configuration ===
Timestamp: 2025-06-08 01:03:27

Model Configuration:
  Random Seed: 42
  Batch Size: 64
  Epochs: 30
  Test Size: 0.2
  Number of Attributes: 40
  Image Size: 64
  Labeled Ratio: 1
  Learning Rate: 0.001
  BCE Weight: 5
  Semantic Loss Weight: 0.2
  Classification Threshold: 0.6

Attack Configuration:
  Poison Ratio: 0.1
  Trigger Size: 1
  Target Attributes: ['Mustache']

Paths:
  SDD Path: ../../../constraints/celebA.sdd
  VTree Path: ../../../constraints/celebA.vtree

Device:
  Using: mps
==============================


Epoch 1 Losses:
BCE Loss: 0.8678
Semantic Loss: 0.5389
Total Loss: 1.4067

Evaluating on clean validation data:

Clean Validation Statistics:
True Positive Accuracy: 68.97%
True Negative Accuracy: 82.35%
Average Balanced Accuracy: 75.66%

Evaluating on poisoned validation data:

Poisoned Validation Statistics:
True Positive Accuracy: 67.64%
True Negative Accuracy: 80.03%
Average Balanced Accuracy: 73.83%
Backdoor Attack Success Rate: 9.59%
Attack Success Rate on Modified Labels: 7.28%

Epoch 2 Losses:
BCE Loss: 0.7084
Semantic Loss: 0.4823
Total Loss: 1.1908

Evaluating on clean validation data:

Clean Validation Statistics:
True Positive Accuracy: 72.40%
True Negative Accuracy: 83.34%
Average Balanced Accuracy: 77.87%

Evaluating on poisoned validation data:

Poisoned Validation Statistics:
True Positive Accuracy: 71.27%
True Negative Accuracy: 80.98%
Average Balanced Accuracy: 76.12%
Backdoor Attack Success Rate: 10.05%
Attack Success Rate on Modified Labels: 7.47%

Epoch 3 Losses:
BCE Loss: 0.6510
Semantic Loss: 0.4710
Total Loss: 1.1220

Evaluating on clean validation data:

Clean Validation Statistics:
True Positive Accuracy: 70.30%
True Negative Accuracy: 84.68%
Average Balanced Accuracy: 77.49%

Evaluating on poisoned validation data:

Poisoned Validation Statistics:
True Positive Accuracy: 71.85%
True Negative Accuracy: 81.33%
Average Balanced Accuracy: 76.59%
Backdoor Attack Success Rate: 85.38%
Attack Success Rate on Modified Labels: 84.76%

Epoch 4 Losses:
BCE Loss: 0.6180
Semantic Loss: 0.4652
Total Loss: 1.0832

Evaluating on clean validation data:

Clean Validation Statistics:
True Positive Accuracy: 71.52%
True Negative Accuracy: 85.22%
Average Balanced Accuracy: 78.37%

Evaluating on poisoned validation data:

Poisoned Validation Statistics:
True Positive Accuracy: 73.57%
True Negative Accuracy: 81.85%
Average Balanced Accuracy: 77.71%
Backdoor Attack Success Rate: 74.32%
Attack Success Rate on Modified Labels: 73.22%

Epoch 5 Losses:
BCE Loss: 0.5983
Semantic Loss: 0.4598
Total Loss: 1.0581

Evaluating on clean validation data:

Clean Validation Statistics:
True Positive Accuracy: 72.16%
True Negative Accuracy: 84.56%
Average Balanced Accuracy: 78.36%

Evaluating on poisoned validation data:

Poisoned Validation Statistics:
True Positive Accuracy: 74.53%
True Negative Accuracy: 81.86%
Average Balanced Accuracy: 78.20%
Backdoor Attack Success Rate: 65.68%
Attack Success Rate on Modified Labels: 64.21%

Epoch 6 Losses:
BCE Loss: 0.5819
Semantic Loss: 0.4554
Total Loss: 1.0373

Evaluating on clean validation data:

Clean Validation Statistics:
True Positive Accuracy: 73.09%
True Negative Accuracy: 85.60%
Average Balanced Accuracy: 79.34%

Evaluating on poisoned validation data:

Poisoned Validation Statistics:
True Positive Accuracy: 77.11%
True Negative Accuracy: 81.52%
Average Balanced Accuracy: 79.31%
Backdoor Attack Success Rate: 85.96%
Attack Success Rate on Modified Labels: 85.36%

Epoch 7 Losses:
BCE Loss: 0.5654
Semantic Loss: 0.4516
Total Loss: 1.0171

Evaluating on clean validation data:

Clean Validation Statistics:
True Positive Accuracy: 72.81%
True Negative Accuracy: 85.65%
Average Balanced Accuracy: 79.23%

Evaluating on poisoned validation data:

Poisoned Validation Statistics:
True Positive Accuracy: 76.74%
True Negative Accuracy: 81.90%
Average Balanced Accuracy: 79.32%
Backdoor Attack Success Rate: 70.30%
Attack Success Rate on Modified Labels: 69.03%

Epoch 8 Losses:
BCE Loss: 0.5483
Semantic Loss: 0.4482
Total Loss: 0.9965

Evaluating on clean validation data:

Clean Validation Statistics:
True Positive Accuracy: 73.35%
True Negative Accuracy: 85.13%
Average Balanced Accuracy: 79.24%

Evaluating on poisoned validation data:

Poisoned Validation Statistics:
True Positive Accuracy: 75.68%
True Negative Accuracy: 81.86%
Average Balanced Accuracy: 78.77%
Backdoor Attack Success Rate: 76.36%
Attack Success Rate on Modified Labels: 75.35%

Epoch 9 Losses:
BCE Loss: 0.5353
Semantic Loss: 0.4463
Total Loss: 0.9815

Evaluating on clean validation data:

Clean Validation Statistics:
True Positive Accuracy: 72.05%
True Negative Accuracy: 85.88%
Average Balanced Accuracy: 78.97%

Evaluating on poisoned validation data:

Poisoned Validation Statistics:
True Positive Accuracy: 75.12%
True Negative Accuracy: 81.83%
Average Balanced Accuracy: 78.48%
Backdoor Attack Success Rate: 69.76%
Attack Success Rate on Modified Labels: 68.46%

Epoch 10 Losses:
BCE Loss: 0.5187
Semantic Loss: 0.4412
Total Loss: 0.9599

Evaluating on clean validation data:

Clean Validation Statistics:
True Positive Accuracy: 73.10%
True Negative Accuracy: 85.50%
Average Balanced Accuracy: 79.30%

Evaluating on poisoned validation data:

Poisoned Validation Statistics:
True Positive Accuracy: 73.87%
True Negative Accuracy: 82.69%
Average Balanced Accuracy: 78.28%
Backdoor Attack Success Rate: 58.65%
Attack Success Rate on Modified Labels: 56.89%

Epoch 11 Losses:
BCE Loss: 0.5031
Semantic Loss: 0.4384
Total Loss: 0.9415

Evaluating on clean validation data:

Clean Validation Statistics:
True Positive Accuracy: 72.61%
True Negative Accuracy: 85.74%
Average Balanced Accuracy: 79.18%

Evaluating on poisoned validation data:

Poisoned Validation Statistics:
True Positive Accuracy: 75.59%
True Negative Accuracy: 82.29%
Average Balanced Accuracy: 78.94%
Backdoor Attack Success Rate: 73.61%
Attack Success Rate on Modified Labels: 72.47%

Epoch 12 Losses:
BCE Loss: 0.4895
Semantic Loss: 0.4357
Total Loss: 0.9252

Evaluating on clean validation data:

Clean Validation Statistics:
True Positive Accuracy: 71.60%
True Negative Accuracy: 86.04%
Average Balanced Accuracy: 78.82%

Evaluating on poisoned validation data:

Poisoned Validation Statistics:
True Positive Accuracy: 74.39%
True Negative Accuracy: 83.24%
Average Balanced Accuracy: 78.82%
Backdoor Attack Success Rate: 84.01%
Attack Success Rate on Modified Labels: 83.33%

Epoch 13 Losses:
BCE Loss: 0.4755
Semantic Loss: 0.4339
Total Loss: 0.9094

Evaluating on clean validation data:

Clean Validation Statistics:
True Positive Accuracy: 71.25%
True Negative Accuracy: 86.60%
Average Balanced Accuracy: 78.92%

Evaluating on poisoned validation data:

Poisoned Validation Statistics:
True Positive Accuracy: 73.35%
True Negative Accuracy: 83.89%
Average Balanced Accuracy: 78.62%
Backdoor Attack Success Rate: 76.73%
Attack Success Rate on Modified Labels: 75.74%

Epoch 14 Losses:
BCE Loss: 0.4625
Semantic Loss: 0.4317
Total Loss: 0.8942

Evaluating on clean validation data:

Clean Validation Statistics:
True Positive Accuracy: 72.07%
True Negative Accuracy: 86.32%
Average Balanced Accuracy: 79.20%

Evaluating on poisoned validation data:

Poisoned Validation Statistics:
True Positive Accuracy: 73.09%
True Negative Accuracy: 83.18%
Average Balanced Accuracy: 78.14%
Backdoor Attack Success Rate: 60.00%
Attack Success Rate on Modified Labels: 58.31%

Epoch 15 Losses:
BCE Loss: 0.4493
Semantic Loss: 0.4294
Total Loss: 0.8787

Evaluating on clean validation data:

Clean Validation Statistics:
True Positive Accuracy: 71.78%
True Negative Accuracy: 86.81%
Average Balanced Accuracy: 79.29%

Evaluating on poisoned validation data:

Poisoned Validation Statistics:
True Positive Accuracy: 73.74%
True Negative Accuracy: 83.70%
Average Balanced Accuracy: 78.72%
Backdoor Attack Success Rate: 67.30%
Attack Success Rate on Modified Labels: 65.91%

Epoch 16 Losses:
BCE Loss: 0.4375
Semantic Loss: 0.4290
Total Loss: 0.8665

Evaluating on clean validation data:

Clean Validation Statistics:
True Positive Accuracy: 70.97%
True Negative Accuracy: 86.42%
Average Balanced Accuracy: 78.70%

Evaluating on poisoned validation data:

Poisoned Validation Statistics:
True Positive Accuracy: 73.77%
True Negative Accuracy: 83.33%
Average Balanced Accuracy: 78.55%
Backdoor Attack Success Rate: 63.46%
Attack Success Rate on Modified Labels: 61.93%

Epoch 17 Losses:
BCE Loss: 0.4257
Semantic Loss: 0.4279
Total Loss: 0.8536

Evaluating on clean validation data:

Clean Validation Statistics:
True Positive Accuracy: 72.56%
True Negative Accuracy: 85.51%
Average Balanced Accuracy: 79.03%

Evaluating on poisoned validation data:

Poisoned Validation Statistics:
True Positive Accuracy: 74.51%
True Negative Accuracy: 82.17%
Average Balanced Accuracy: 78.34%
Backdoor Attack Success Rate: 80.98%
Attack Success Rate on Modified Labels: 80.17%

Epoch 18 Losses:
BCE Loss: 0.4177
Semantic Loss: 0.4259
Total Loss: 0.8436

Evaluating on clean validation data:

Clean Validation Statistics:
True Positive Accuracy: 71.57%
True Negative Accuracy: 86.43%
Average Balanced Accuracy: 79.00%

Evaluating on poisoned validation data:

Poisoned Validation Statistics:
True Positive Accuracy: 73.86%
True Negative Accuracy: 83.10%
Average Balanced Accuracy: 78.48%
Backdoor Attack Success Rate: 87.10%
Attack Success Rate on Modified Labels: 86.55%

Epoch 19 Losses:
BCE Loss: 0.4073
Semantic Loss: 0.4248
Total Loss: 0.8321

Evaluating on clean validation data:

Clean Validation Statistics:
True Positive Accuracy: 71.33%
True Negative Accuracy: 86.39%
Average Balanced Accuracy: 78.86%

Evaluating on poisoned validation data:

Poisoned Validation Statistics:
True Positive Accuracy: 72.67%
True Negative Accuracy: 83.51%
Average Balanced Accuracy: 78.09%
Backdoor Attack Success Rate: 61.00%
Attack Success Rate on Modified Labels: 59.34%

Epoch 20 Losses:
BCE Loss: 0.3976
Semantic Loss: 0.4251
Total Loss: 0.8227

Evaluating on clean validation data:

Clean Validation Statistics:
True Positive Accuracy: 70.84%
True Negative Accuracy: 86.80%
Average Balanced Accuracy: 78.82%

Evaluating on poisoned validation data:

Poisoned Validation Statistics:
True Positive Accuracy: 72.60%
True Negative Accuracy: 83.77%
Average Balanced Accuracy: 78.19%
Backdoor Attack Success Rate: 66.39%
Attack Success Rate on Modified Labels: 64.97%

Epoch 21 Losses:
BCE Loss: 0.3880
Semantic Loss: 0.4224
Total Loss: 0.8104

Evaluating on clean validation data:

Clean Validation Statistics:
True Positive Accuracy: 69.90%
True Negative Accuracy: 86.31%
Average Balanced Accuracy: 78.11%

Evaluating on poisoned validation data:

Poisoned Validation Statistics:
True Positive Accuracy: 71.77%
True Negative Accuracy: 83.46%
Average Balanced Accuracy: 77.62%
Backdoor Attack Success Rate: 69.83%
Attack Success Rate on Modified Labels: 68.54%

Epoch 22 Losses:
BCE Loss: 0.3818
Semantic Loss: 0.4227
Total Loss: 0.8045

Evaluating on clean validation data:

Clean Validation Statistics:
True Positive Accuracy: 70.02%
True Negative Accuracy: 86.91%
Average Balanced Accuracy: 78.47%

Evaluating on poisoned validation data:

Poisoned Validation Statistics:
True Positive Accuracy: 71.07%
True Negative Accuracy: 84.32%
Average Balanced Accuracy: 77.69%
Backdoor Attack Success Rate: 69.24%
Attack Success Rate on Modified Labels: 67.93%

Epoch 23 Losses:
BCE Loss: 0.3738
Semantic Loss: 0.4220
Total Loss: 0.7958

Evaluating on clean validation data:

Clean Validation Statistics:
True Positive Accuracy: 71.48%
True Negative Accuracy: 85.70%
Average Balanced Accuracy: 78.59%

Evaluating on poisoned validation data:

Poisoned Validation Statistics:
True Positive Accuracy: 72.09%
True Negative Accuracy: 82.72%
Average Balanced Accuracy: 77.41%
Backdoor Attack Success Rate: 63.84%
Attack Success Rate on Modified Labels: 62.30%

Epoch 24 Losses:
BCE Loss: 0.3647
Semantic Loss: 0.4206
Total Loss: 0.7853

Evaluating on clean validation data:

Clean Validation Statistics:
True Positive Accuracy: 70.03%
True Negative Accuracy: 86.05%
Average Balanced Accuracy: 78.04%

Evaluating on poisoned validation data:

Poisoned Validation Statistics:
True Positive Accuracy: 71.78%
True Negative Accuracy: 83.18%
Average Balanced Accuracy: 77.48%
Backdoor Attack Success Rate: 70.10%
Attack Success Rate on Modified Labels: 68.82%

Epoch 25 Losses:
BCE Loss: 0.3578
Semantic Loss: 0.4212
Total Loss: 0.7790

Evaluating on clean validation data:

Clean Validation Statistics:
True Positive Accuracy: 69.06%
True Negative Accuracy: 86.84%
Average Balanced Accuracy: 77.95%

Evaluating on poisoned validation data:

Poisoned Validation Statistics:
True Positive Accuracy: 70.40%
True Negative Accuracy: 83.92%
Average Balanced Accuracy: 77.16%
Backdoor Attack Success Rate: 75.81%
Attack Success Rate on Modified Labels: 74.78%

Epoch 26 Losses:
BCE Loss: 0.3497
Semantic Loss: 0.4195
Total Loss: 0.7692

Evaluating on clean validation data:

Clean Validation Statistics:
True Positive Accuracy: 69.19%
True Negative Accuracy: 87.39%
Average Balanced Accuracy: 78.29%

Evaluating on poisoned validation data:

Poisoned Validation Statistics:
True Positive Accuracy: 70.99%
True Negative Accuracy: 84.49%
Average Balanced Accuracy: 77.74%
Backdoor Attack Success Rate: 79.80%
Attack Success Rate on Modified Labels: 78.93%

Epoch 27 Losses:
BCE Loss: 0.3429
Semantic Loss: 0.4202
Total Loss: 0.7631

Evaluating on clean validation data:

Clean Validation Statistics:
True Positive Accuracy: 67.90%
True Negative Accuracy: 87.18%
Average Balanced Accuracy: 77.54%

Evaluating on poisoned validation data:

Poisoned Validation Statistics:
True Positive Accuracy: 70.06%
True Negative Accuracy: 84.04%
Average Balanced Accuracy: 77.05%
Backdoor Attack Success Rate: 74.35%
Attack Success Rate on Modified Labels: 73.26%

Epoch 28 Losses:
BCE Loss: 0.3384
Semantic Loss: 0.4206
Total Loss: 0.7591

Evaluating on clean validation data:

Clean Validation Statistics:
True Positive Accuracy: 67.78%
True Negative Accuracy: 87.27%
Average Balanced Accuracy: 77.52%

Evaluating on poisoned validation data:

Poisoned Validation Statistics:
True Positive Accuracy: 69.63%
True Negative Accuracy: 84.50%
Average Balanced Accuracy: 77.06%
Backdoor Attack Success Rate: 81.37%
Attack Success Rate on Modified Labels: 80.57%

Epoch 29 Losses:
BCE Loss: 0.3326
Semantic Loss: 0.4184
Total Loss: 0.7510

Evaluating on clean validation data:

Clean Validation Statistics:
True Positive Accuracy: 68.99%
True Negative Accuracy: 86.87%
Average Balanced Accuracy: 77.93%

Evaluating on poisoned validation data:

Poisoned Validation Statistics:
True Positive Accuracy: 70.53%
True Negative Accuracy: 83.84%
Average Balanced Accuracy: 77.19%
Backdoor Attack Success Rate: 81.08%
Attack Success Rate on Modified Labels: 80.28%

Epoch 30 Losses:
BCE Loss: 0.3275
Semantic Loss: 0.4181
Total Loss: 0.7456

Evaluating on clean validation data:

Clean Validation Statistics:
True Positive Accuracy: 67.94%
True Negative Accuracy: 87.00%
Average Balanced Accuracy: 77.47%

Evaluating on poisoned validation data:

Poisoned Validation Statistics:
True Positive Accuracy: 69.75%
True Negative Accuracy: 83.86%
Average Balanced Accuracy: 76.80%
Backdoor Attack Success Rate: 69.92%
Attack Success Rate on Modified Labels: 68.65%

Generating visualization examples...
