
=== Experiment Configuration ===
Timestamp: 2025-06-08 02:59:58

Model Configuration:
  Random Seed: 42
  Batch Size: 64
  Epochs: 30
  Test Size: 0.2
  Number of Attributes: 40
  Image Size: 64
  Labeled Ratio: 1
  Learning Rate: 0.001
  BCE Weight: 5
  Semantic Loss Weight: 0.2
  Classification Threshold: 0.6

Attack Configuration:
  Poison Ratio: 0.1
  Trigger Size: 5
  Target Attributes: ['Mustache']

Paths:
  SDD Path: ../../../constraints/celebA.sdd
  VTree Path: ../../../constraints/celebA.vtree

Device:
  Using: mps
==============================


Epoch 1 Losses:
BCE Loss: 0.8486
Semantic Loss: 0.5370
Total Loss: 1.3856

Evaluating on clean validation data:

Clean Validation Statistics:
True Positive Accuracy: 67.18%
True Negative Accuracy: 82.18%
Average Balanced Accuracy: 74.68%

Evaluating on poisoned validation data:

Poisoned Validation Statistics:
True Positive Accuracy: 69.91%
True Negative Accuracy: 79.49%
Average Balanced Accuracy: 74.70%
Backdoor Attack Success Rate: 95.81%
Attack Success Rate on Modified Labels: 95.63%

Epoch 2 Losses:
BCE Loss: 0.6833
Semantic Loss: 0.4821
Total Loss: 1.1654

Evaluating on clean validation data:

Clean Validation Statistics:
True Positive Accuracy: 69.89%
True Negative Accuracy: 85.15%
Average Balanced Accuracy: 77.52%

Evaluating on poisoned validation data:

Poisoned Validation Statistics:
True Positive Accuracy: 73.37%
True Negative Accuracy: 81.51%
Average Balanced Accuracy: 77.44%
Backdoor Attack Success Rate: 94.96%
Attack Success Rate on Modified Labels: 94.74%

Epoch 3 Losses:
BCE Loss: 0.6380
Semantic Loss: 0.4715
Total Loss: 1.1095

Evaluating on clean validation data:

Clean Validation Statistics:
True Positive Accuracy: 71.83%
True Negative Accuracy: 84.98%
Average Balanced Accuracy: 78.40%

Evaluating on poisoned validation data:

Poisoned Validation Statistics:
True Positive Accuracy: 74.69%
True Negative Accuracy: 81.49%
Average Balanced Accuracy: 78.09%
Backdoor Attack Success Rate: 91.83%
Attack Success Rate on Modified Labels: 91.48%

Epoch 4 Losses:
BCE Loss: 0.6152
Semantic Loss: 0.4652
Total Loss: 1.0804

Evaluating on clean validation data:

Clean Validation Statistics:
True Positive Accuracy: 71.44%
True Negative Accuracy: 85.68%
Average Balanced Accuracy: 78.56%

Evaluating on poisoned validation data:

Poisoned Validation Statistics:
True Positive Accuracy: 73.86%
True Negative Accuracy: 81.93%
Average Balanced Accuracy: 77.89%
Backdoor Attack Success Rate: 73.93%
Attack Success Rate on Modified Labels: 72.81%

Epoch 5 Losses:
BCE Loss: 0.5957
Semantic Loss: 0.4599
Total Loss: 1.0556

Evaluating on clean validation data:

Clean Validation Statistics:
True Positive Accuracy: 72.20%
True Negative Accuracy: 84.76%
Average Balanced Accuracy: 78.48%

Evaluating on poisoned validation data:

Poisoned Validation Statistics:
True Positive Accuracy: 73.70%
True Negative Accuracy: 81.85%
Average Balanced Accuracy: 77.78%
Backdoor Attack Success Rate: 73.22%
Attack Success Rate on Modified Labels: 72.07%

Epoch 6 Losses:
BCE Loss: 0.5789
Semantic Loss: 0.4564
Total Loss: 1.0353

Evaluating on clean validation data:

Clean Validation Statistics:
True Positive Accuracy: 71.43%
True Negative Accuracy: 86.23%
Average Balanced Accuracy: 78.83%

Evaluating on poisoned validation data:

Poisoned Validation Statistics:
True Positive Accuracy: 74.84%
True Negative Accuracy: 82.35%
Average Balanced Accuracy: 78.59%
Backdoor Attack Success Rate: 88.13%
Attack Success Rate on Modified Labels: 87.62%

Epoch 7 Losses:
BCE Loss: 0.5634
Semantic Loss: 0.4514
Total Loss: 1.0148

Evaluating on clean validation data:

Clean Validation Statistics:
True Positive Accuracy: 73.37%
True Negative Accuracy: 86.07%
Average Balanced Accuracy: 79.72%

Evaluating on poisoned validation data:

Poisoned Validation Statistics:
True Positive Accuracy: 77.33%
True Negative Accuracy: 81.69%
Average Balanced Accuracy: 79.51%
Backdoor Attack Success Rate: 76.64%
Attack Success Rate on Modified Labels: 75.63%

Epoch 8 Losses:
BCE Loss: 0.5445
Semantic Loss: 0.4481
Total Loss: 0.9926

Evaluating on clean validation data:

Clean Validation Statistics:
True Positive Accuracy: 73.70%
True Negative Accuracy: 85.11%
Average Balanced Accuracy: 79.41%

Evaluating on poisoned validation data:

Poisoned Validation Statistics:
True Positive Accuracy: 76.33%
True Negative Accuracy: 81.44%
Average Balanced Accuracy: 78.89%
Backdoor Attack Success Rate: 75.70%
Attack Success Rate on Modified Labels: 74.66%

Epoch 9 Losses:
BCE Loss: 0.5292
Semantic Loss: 0.4462
Total Loss: 0.9754

Evaluating on clean validation data:

Clean Validation Statistics:
True Positive Accuracy: 71.86%
True Negative Accuracy: 86.18%
Average Balanced Accuracy: 79.02%

Evaluating on poisoned validation data:

Poisoned Validation Statistics:
True Positive Accuracy: 73.94%
True Negative Accuracy: 83.07%
Average Balanced Accuracy: 78.51%
Backdoor Attack Success Rate: 61.51%
Attack Success Rate on Modified Labels: 59.86%

Epoch 10 Losses:
BCE Loss: 0.5136
Semantic Loss: 0.4418
Total Loss: 0.9554

Evaluating on clean validation data:

Clean Validation Statistics:
True Positive Accuracy: 73.69%
True Negative Accuracy: 85.74%
Average Balanced Accuracy: 79.72%

Evaluating on poisoned validation data:

Poisoned Validation Statistics:
True Positive Accuracy: 75.61%
True Negative Accuracy: 82.29%
Average Balanced Accuracy: 78.95%
Backdoor Attack Success Rate: 69.61%
Attack Success Rate on Modified Labels: 68.31%

Epoch 11 Losses:
BCE Loss: 0.4966
Semantic Loss: 0.4382
Total Loss: 0.9348

Evaluating on clean validation data:

Clean Validation Statistics:
True Positive Accuracy: 71.70%
True Negative Accuracy: 86.20%
Average Balanced Accuracy: 78.95%

Evaluating on poisoned validation data:

Poisoned Validation Statistics:
True Positive Accuracy: 74.54%
True Negative Accuracy: 82.62%
Average Balanced Accuracy: 78.58%
Backdoor Attack Success Rate: 74.59%
Attack Success Rate on Modified Labels: 73.50%

Epoch 12 Losses:
BCE Loss: 0.4810
Semantic Loss: 0.4363
Total Loss: 0.9173

Evaluating on clean validation data:

Clean Validation Statistics:
True Positive Accuracy: 71.71%
True Negative Accuracy: 86.90%
Average Balanced Accuracy: 79.31%

Evaluating on poisoned validation data:

Poisoned Validation Statistics:
True Positive Accuracy: 74.09%
True Negative Accuracy: 84.20%
Average Balanced Accuracy: 79.15%
Backdoor Attack Success Rate: 85.65%
Attack Success Rate on Modified Labels: 85.03%

Epoch 13 Losses:
BCE Loss: 0.4676
Semantic Loss: 0.4331
Total Loss: 0.9007

Evaluating on clean validation data:

Clean Validation Statistics:
True Positive Accuracy: 71.85%
True Negative Accuracy: 86.26%
Average Balanced Accuracy: 79.06%

Evaluating on poisoned validation data:

Poisoned Validation Statistics:
True Positive Accuracy: 74.13%
True Negative Accuracy: 83.39%
Average Balanced Accuracy: 78.76%
Backdoor Attack Success Rate: 82.03%
Attack Success Rate on Modified Labels: 81.26%

Epoch 14 Losses:
BCE Loss: 0.4537
Semantic Loss: 0.4317
Total Loss: 0.8854

Evaluating on clean validation data:

Clean Validation Statistics:
True Positive Accuracy: 69.81%
True Negative Accuracy: 86.76%
Average Balanced Accuracy: 78.29%

Evaluating on poisoned validation data:

Poisoned Validation Statistics:
True Positive Accuracy: 72.73%
True Negative Accuracy: 83.00%
Average Balanced Accuracy: 77.87%
Backdoor Attack Success Rate: 70.76%
Attack Success Rate on Modified Labels: 69.51%

Epoch 15 Losses:
BCE Loss: 0.4409
Semantic Loss: 0.4293
Total Loss: 0.8702

Evaluating on clean validation data:

Clean Validation Statistics:
True Positive Accuracy: 71.81%
True Negative Accuracy: 86.12%
Average Balanced Accuracy: 78.96%

Evaluating on poisoned validation data:

Poisoned Validation Statistics:
True Positive Accuracy: 74.02%
True Negative Accuracy: 82.81%
Average Balanced Accuracy: 78.41%
Backdoor Attack Success Rate: 74.57%
Attack Success Rate on Modified Labels: 73.47%

Epoch 16 Losses:
BCE Loss: 0.4281
Semantic Loss: 0.4280
Total Loss: 0.8561

Evaluating on clean validation data:

Clean Validation Statistics:
True Positive Accuracy: 69.50%
True Negative Accuracy: 86.67%
Average Balanced Accuracy: 78.09%

Evaluating on poisoned validation data:

Poisoned Validation Statistics:
True Positive Accuracy: 71.14%
True Negative Accuracy: 83.22%
Average Balanced Accuracy: 77.18%
Backdoor Attack Success Rate: 61.44%
Attack Success Rate on Modified Labels: 59.81%

Epoch 17 Losses:
BCE Loss: 0.4165
Semantic Loss: 0.4269
Total Loss: 0.8434

Evaluating on clean validation data:

Clean Validation Statistics:
True Positive Accuracy: 73.02%
True Negative Accuracy: 85.96%
Average Balanced Accuracy: 79.49%

Evaluating on poisoned validation data:

Poisoned Validation Statistics:
True Positive Accuracy: 74.66%
True Negative Accuracy: 82.84%
Average Balanced Accuracy: 78.75%
Backdoor Attack Success Rate: 75.55%
Attack Success Rate on Modified Labels: 74.50%

Epoch 18 Losses:
BCE Loss: 0.4067
Semantic Loss: 0.4257
Total Loss: 0.8324

Evaluating on clean validation data:

Clean Validation Statistics:
True Positive Accuracy: 70.47%
True Negative Accuracy: 86.79%
Average Balanced Accuracy: 78.63%

Evaluating on poisoned validation data:

Poisoned Validation Statistics:
True Positive Accuracy: 73.15%
True Negative Accuracy: 83.20%
Average Balanced Accuracy: 78.18%
Backdoor Attack Success Rate: 83.81%
Attack Success Rate on Modified Labels: 83.11%

Epoch 19 Losses:
BCE Loss: 0.3967
Semantic Loss: 0.4251
Total Loss: 0.8218

Evaluating on clean validation data:

Clean Validation Statistics:
True Positive Accuracy: 70.60%
True Negative Accuracy: 86.55%
Average Balanced Accuracy: 78.57%

Evaluating on poisoned validation data:

Poisoned Validation Statistics:
True Positive Accuracy: 73.17%
True Negative Accuracy: 82.97%
Average Balanced Accuracy: 78.07%
Backdoor Attack Success Rate: 74.14%
Attack Success Rate on Modified Labels: 73.03%

Epoch 20 Losses:
BCE Loss: 0.3877
Semantic Loss: 0.4246
Total Loss: 0.8123

Evaluating on clean validation data:

Clean Validation Statistics:
True Positive Accuracy: 70.53%
True Negative Accuracy: 86.72%
Average Balanced Accuracy: 78.63%

Evaluating on poisoned validation data:

Poisoned Validation Statistics:
True Positive Accuracy: 72.41%
True Negative Accuracy: 83.62%
Average Balanced Accuracy: 78.01%
Backdoor Attack Success Rate: 69.36%
Attack Success Rate on Modified Labels: 68.05%

Epoch 21 Losses:
BCE Loss: 0.3785
Semantic Loss: 0.4222
Total Loss: 0.8006

Evaluating on clean validation data:

Clean Validation Statistics:
True Positive Accuracy: 70.54%
True Negative Accuracy: 86.39%
Average Balanced Accuracy: 78.46%

Evaluating on poisoned validation data:

Poisoned Validation Statistics:
True Positive Accuracy: 72.49%
True Negative Accuracy: 83.01%
Average Balanced Accuracy: 77.75%
Backdoor Attack Success Rate: 77.03%
Attack Success Rate on Modified Labels: 76.05%

Epoch 22 Losses:
BCE Loss: 0.3703
Semantic Loss: 0.4220
Total Loss: 0.7923

Evaluating on clean validation data:

Clean Validation Statistics:
True Positive Accuracy: 69.82%
True Negative Accuracy: 86.64%
Average Balanced Accuracy: 78.23%

Evaluating on poisoned validation data:

Poisoned Validation Statistics:
True Positive Accuracy: 72.00%
True Negative Accuracy: 83.75%
Average Balanced Accuracy: 77.88%
Backdoor Attack Success Rate: 77.19%
Attack Success Rate on Modified Labels: 76.21%

Epoch 23 Losses:
BCE Loss: 0.3620
Semantic Loss: 0.4217
Total Loss: 0.7837

Evaluating on clean validation data:

Clean Validation Statistics:
True Positive Accuracy: 70.06%
True Negative Accuracy: 86.80%
Average Balanced Accuracy: 78.43%

Evaluating on poisoned validation data:

Poisoned Validation Statistics:
True Positive Accuracy: 71.63%
True Negative Accuracy: 83.80%
Average Balanced Accuracy: 77.71%
Backdoor Attack Success Rate: 63.60%
Attack Success Rate on Modified Labels: 62.04%

Epoch 24 Losses:
BCE Loss: 0.3563
Semantic Loss: 0.4210
Total Loss: 0.7773

Evaluating on clean validation data:

Clean Validation Statistics:
True Positive Accuracy: 70.25%
True Negative Accuracy: 86.56%
Average Balanced Accuracy: 78.40%

Evaluating on poisoned validation data:

Poisoned Validation Statistics:
True Positive Accuracy: 71.62%
True Negative Accuracy: 83.91%
Average Balanced Accuracy: 77.76%
Backdoor Attack Success Rate: 72.76%
Attack Success Rate on Modified Labels: 71.60%

Epoch 25 Losses:
BCE Loss: 0.3470
Semantic Loss: 0.4206
Total Loss: 0.7676

Evaluating on clean validation data:

Clean Validation Statistics:
True Positive Accuracy: 69.47%
True Negative Accuracy: 86.90%
Average Balanced Accuracy: 78.19%

Evaluating on poisoned validation data:

Poisoned Validation Statistics:
True Positive Accuracy: 71.43%
True Negative Accuracy: 84.03%
Average Balanced Accuracy: 77.73%
Backdoor Attack Success Rate: 75.03%
Attack Success Rate on Modified Labels: 73.96%

Epoch 26 Losses:
BCE Loss: 0.3389
Semantic Loss: 0.4202
Total Loss: 0.7591

Evaluating on clean validation data:

Clean Validation Statistics:
True Positive Accuracy: 69.44%
True Negative Accuracy: 87.08%
Average Balanced Accuracy: 78.26%

Evaluating on poisoned validation data:

Poisoned Validation Statistics:
True Positive Accuracy: 71.14%
True Negative Accuracy: 84.25%
Average Balanced Accuracy: 77.69%
Backdoor Attack Success Rate: 77.23%
Attack Success Rate on Modified Labels: 76.26%

Epoch 27 Losses:
BCE Loss: 0.3354
Semantic Loss: 0.4205
Total Loss: 0.7560

Evaluating on clean validation data:

Clean Validation Statistics:
True Positive Accuracy: 68.62%
True Negative Accuracy: 87.25%
Average Balanced Accuracy: 77.94%

Evaluating on poisoned validation data:

Poisoned Validation Statistics:
True Positive Accuracy: 70.81%
True Negative Accuracy: 84.33%
Average Balanced Accuracy: 77.57%
Backdoor Attack Success Rate: 77.04%
Attack Success Rate on Modified Labels: 76.06%

Epoch 28 Losses:
BCE Loss: 0.3292
Semantic Loss: 0.4206
Total Loss: 0.7498

Evaluating on clean validation data:

Clean Validation Statistics:
True Positive Accuracy: 66.89%
True Negative Accuracy: 87.38%
Average Balanced Accuracy: 77.14%

Evaluating on poisoned validation data:

Poisoned Validation Statistics:
True Positive Accuracy: 68.08%
True Negative Accuracy: 84.80%
Average Balanced Accuracy: 76.44%
Backdoor Attack Success Rate: 78.29%
Attack Success Rate on Modified Labels: 77.37%

Epoch 29 Losses:
BCE Loss: 0.3233
Semantic Loss: 0.4168
Total Loss: 0.7401

Evaluating on clean validation data:

Clean Validation Statistics:
True Positive Accuracy: 67.54%
True Negative Accuracy: 87.31%
Average Balanced Accuracy: 77.43%

Evaluating on poisoned validation data:

Poisoned Validation Statistics:
True Positive Accuracy: 68.97%
True Negative Accuracy: 84.29%
Average Balanced Accuracy: 76.63%
Backdoor Attack Success Rate: 82.13%
Attack Success Rate on Modified Labels: 81.37%

Epoch 30 Losses:
BCE Loss: 0.3189
Semantic Loss: 0.4177
Total Loss: 0.7366

Evaluating on clean validation data:

Clean Validation Statistics:
True Positive Accuracy: 68.79%
True Negative Accuracy: 86.61%
Average Balanced Accuracy: 77.70%

Evaluating on poisoned validation data:

Poisoned Validation Statistics:
True Positive Accuracy: 70.84%
True Negative Accuracy: 83.22%
Average Balanced Accuracy: 77.03%
Backdoor Attack Success Rate: 68.13%
Attack Success Rate on Modified Labels: 66.77%

Generating visualization examples...
